<?xml version="1.0" encoding="UTF-8"?>
<testsuite xmlns:xsi="http://www.w3.org/2001/XMLSchema-instance" xsi:noNamespaceSchemaLocation="https://maven.apache.org/surefire/maven-surefire-plugin/xsd/surefire-test-report-3.0.xsd" version="3.0" name="com.dev1.jenkins.CalculatriceTest" time="0.326" tests="7" errors="0" skipped="0" failures="0">
  <properties>
[...]
</properties>
  <testcase name="testAdditionnerNegatif" classname="com.dev1.jenkins.CalculatriceTest" time="0.11"/>
  <testcase name="testSoustraire" classname="com.dev1.jenkins.CalculatriceTest" time="0.008"/>
  <testcase name="testAdditionner" classname="com.dev1.jenkins.CalculatriceTest" time="0.002"/>
  <testcase name="testPuissance" classname="com.dev1.jenkins.CalculatriceTest" time="0.002"/>
  <testcase name="testDiviserParZero" classname="com.dev1.jenkins.CalculatriceTest" time="0.009"/>
  <testcase name="testMultiplier" classname="com.dev1.jenkins.CalculatriceTest" time="0.002"/>
  <testcase name="testDiviser" classname="com.dev1.jenkins.CalculatriceTest" time="0.002"/>
</testsuite>